{
  "Unit Tests": {
    "coverage": {
      "/Users/jasonpilz/code/traffic-spy-skeleton/config/environment.rb": [
        null,
        1,
        1,
        null,
        null,
        1,
        1,
        null,
        null,
        2,
        null,
        null,
        11,
        null,
        null,
        1,
        null,
        null,
        1,
        1,
        1,
        1,
        1,
        1,
        null,
        null
      ],
      "/Users/jasonpilz/code/traffic-spy-skeleton/app/controllers/server.rb": [
        1,
        1,
        null,
        1,
        1,
        0,
        null,
        null,
        1,
        0,
        null,
        null,
        1,
        5,
        5,
        5,
        5,
        5,
        null,
        null,
        1,
        36,
        36,
        36,
        36,
        null,
        null,
        1,
        131,
        131,
        131,
        131,
        null,
        null,
        1,
        4,
        4,
        4,
        4,
        4,
        4,
        null,
        null,
        1,
        3,
        3,
        3,
        3,
        3,
        null,
        null,
        1,
        4,
        4,
        4,
        4,
        4,
        4,
        4,
        4,
        4,
        null,
        null,
        null,
        1,
        10,
        10,
        10,
        10,
        null,
        null,
        1,
        3,
        3,
        3,
        3,
        3,
        null,
        null,
        1,
        2,
        2,
        2,
        2,
        2,
        2,
        null,
        null,
        null,
        null
      ],
      "/Users/jasonpilz/code/traffic-spy-skeleton/app/models/campaign.rb": [
        1,
        1,
        null,
        1,
        null,
        1,
        1,
        null
      ],
      "/Users/jasonpilz/code/traffic-spy-skeleton/app/models/campaign_details_parser.rb": [
        1,
        1,
        2,
        null,
        null,
        1,
        6,
        null,
        null,
        1,
        2,
        null,
        null,
        1,
        null,
        6,
        null,
        null,
        1,
        2,
        null,
        null,
        1,
        2,
        2,
        6,
        6,
        null,
        null,
        null,
        1,
        2,
        null,
        null,
        1,
        2,
        null,
        null
      ],
      "/Users/jasonpilz/code/traffic-spy-skeleton/app/models/campaign_parser.rb": [
        1,
        1,
        null,
        null,
        1,
        13,
        null,
        null,
        1,
        34,
        null,
        null,
        1,
        9,
        18,
        null,
        0,
        null,
        null,
        null,
        1,
        3,
        null,
        null,
        1,
        3,
        null,
        null,
        1,
        10,
        null,
        null,
        1,
        10,
        null,
        null,
        1,
        10,
        8,
        null,
        null,
        8,
        7,
        7,
        14,
        null,
        null,
        null,
        1,
        1,
        1,
        null,
        0,
        0,
        null,
        2,
        0,
        0,
        null,
        2,
        2,
        null,
        null,
        null,
        null
      ],
      "/Users/jasonpilz/code/traffic-spy-skeleton/app/models/event.rb": [
        1,
        1,
        null,
        1,
        null
      ],
      "/Users/jasonpilz/code/traffic-spy-skeleton/app/models/event_details_parser.rb": [
        1,
        null,
        1,
        1,
        1,
        4,
        null,
        null,
        1,
        28,
        null,
        null,
        1,
        4,
        0,
        4,
        0,
        null,
        4,
        null,
        null,
        null,
        1,
        4,
        null,
        null,
        1,
        16,
        null,
        null
      ],
      "/Users/jasonpilz/code/traffic-spy-skeleton/app/models/source.rb": [
        1,
        1,
        null,
        1,
        null,
        1,
        null,
        1,
        null,
        null,
        36,
        null,
        null,
        1,
        null,
        null,
        18,
        null,
        null,
        1,
        5,
        null,
        5,
        20,
        20,
        null,
        null,
        1,
        5,
        35,
        40,
        null,
        null,
        1,
        4,
        100,
        32,
        32,
        null,
        null,
        1,
        5,
        35,
        40,
        null,
        null,
        1,
        5,
        35,
        40,
        null,
        null,
        1,
        null,
        3,
        null,
        null,
        1,
        null,
        3,
        null,
        null,
        1,
        null,
        3,
        null,
        null,
        1,
        null,
        null,
        null,
        10,
        3,
        null,
        null,
        1,
        3,
        null,
        null,
        null,
        null,
        null,
        null,
        1,
        3,
        null,
        10,
        10,
        null,
        3,
        null,
        null,
        1,
        3,
        null,
        10,
        10,
        null,
        3,
        null,
        null
      ],
      "/Users/jasonpilz/code/traffic-spy-skeleton/app/models/event_parser.rb": [
        1,
        null,
        1,
        1,
        1,
        3,
        null,
        null,
        1,
        27,
        null,
        null,
        1,
        3,
        0,
        3,
        0,
        null,
        null,
        null,
        1,
        3,
        null,
        null,
        1,
        9,
        null,
        null
      ],
      "/Users/jasonpilz/code/traffic-spy-skeleton/app/models/parser.rb": [
        1,
        null,
        1,
        1,
        1,
        172,
        null,
        null,
        1,
        157,
        null,
        null,
        1,
        5,
        null,
        null,
        1,
        5,
        null,
        null,
        1,
        17,
        null,
        null,
        1,
        132,
        null,
        null,
        1,
        131,
        null,
        null,
        1,
        36,
        null,
        36,
        32,
        32,
        null,
        4,
        1,
        1,
        null,
        3,
        3,
        null,
        null,
        null,
        1,
        131,
        129,
        129,
        null,
        null,
        null,
        null,
        null,
        null,
        null,
        null,
        null,
        null,
        null,
        null,
        129,
        128,
        128,
        null,
        1,
        1,
        1,
        null,
        0,
        0,
        null,
        null,
        2,
        1,
        1,
        null,
        1,
        1,
        null,
        null,
        null
      ],
      "/Users/jasonpilz/code/traffic-spy-skeleton/app/models/payload.rb": [
        1,
        1,
        null,
        null,
        null,
        null,
        null,
        null,
        null,
        null,
        null,
        null,
        null,
        null,
        null,
        1,
        1,
        null
      ],
      "/Users/jasonpilz/code/traffic-spy-skeleton/app/models/url_parser.rb": [
        1,
        null,
        1,
        1,
        1,
        4,
        null,
        null,
        1,
        15,
        null,
        null,
        1,
        4,
        1,
        null,
        3,
        null,
        null,
        null,
        1,
        4,
        null,
        null,
        1,
        4,
        null,
        null,
        1,
        8,
        null,
        null,
        null
      ],
      "/Users/jasonpilz/code/traffic-spy-skeleton/config/database.rb": [
        null,
        1,
        1,
        null,
        null,
        1,
        null,
        null,
        null,
        null,
        null,
        null,
        null,
        null
      ],
      "/Users/jasonpilz/code/traffic-spy-skeleton/test/payload_samples.rb": [
        1,
        1,
        null,
        22,
        null,
        null,
        1,
        null,
        null,
        22,
        null,
        null,
        null,
        null,
        null,
        null,
        null,
        null,
        null,
        null,
        null,
        null,
        null,
        null,
        null,
        null,
        null,
        null,
        null,
        null,
        null
      ],
      "/Users/jasonpilz/code/traffic-spy-skeleton/test/controllers/processing_request_test.rb": [
        1,
        1,
        null,
        1,
        1,
        null,
        1,
        4,
        null,
        null,
        1,
        1,
        1,
        1,
        1,
        null,
        null,
        1,
        1,
        1,
        1,
        1,
        null,
        null,
        1,
        1,
        1,
        1,
        1,
        1,
        null,
        null,
        1,
        1,
        1,
        1,
        1,
        null,
        null,
        null
      ],
      "/Users/jasonpilz/code/traffic-spy-skeleton/test/controllers/register_account_test.rb": [
        1,
        null,
        1,
        1,
        null,
        1,
        1,
        null,
        1,
        1,
        1,
        null,
        null,
        1,
        1,
        1,
        1,
        1,
        null,
        null,
        1,
        1,
        1,
        1,
        1,
        null,
        null,
        1,
        1,
        null,
        1,
        1,
        null,
        1,
        1,
        1,
        null,
        null,
        null,
        null,
        1,
        1,
        1,
        1,
        1,
        null,
        null,
        null
      ],
      "/Users/jasonpilz/code/traffic-spy-skeleton/test/controllers/register_campaign_test.rb": [
        1,
        null,
        1,
        1,
        null,
        1,
        4,
        null,
        null,
        null,
        1,
        1,
        null,
        null,
        null,
        null,
        1,
        1,
        1,
        null,
        null,
        1,
        1,
        null,
        null,
        null,
        1,
        1,
        1,
        1,
        null,
        null,
        1,
        1,
        null,
        null,
        null,
        1,
        1,
        1,
        1,
        null,
        null,
        1,
        1,
        null,
        null,
        null,
        null,
        1,
        1,
        1,
        null,
        null,
        null,
        null,
        1,
        1,
        1,
        1,
        null,
        null
      ],
      "/Users/jasonpilz/code/traffic-spy-skeleton/test/features/user_can_view_application_details_test.rb": [
        1,
        null,
        1,
        1,
        null,
        1,
        5,
        5,
        35,
        null,
        null,
        null,
        1,
        1,
        1,
        1,
        null,
        1,
        1,
        null,
        1,
        1,
        null,
        1,
        1,
        null,
        1,
        1,
        null,
        1,
        1,
        null,
        1,
        1,
        null,
        null,
        1,
        1,
        1,
        1,
        1,
        1,
        1,
        1,
        1,
        null,
        null,
        1,
        1,
        1,
        null,
        null,
        1,
        1,
        1,
        1,
        null,
        null,
        1,
        1,
        1,
        1,
        null,
        null
      ],
      "/Users/jasonpilz/code/traffic-spy-skeleton/test/features/user_can_view_campaign_details_test.rb": [
        1,
        null,
        1,
        1,
        null,
        1,
        1,
        null,
        null,
        null,
        1,
        1,
        null,
        null,
        null,
        null,
        1,
        null,
        null,
        null,
        null,
        1,
        1,
        1,
        null,
        null
      ],
      "/Users/jasonpilz/code/traffic-spy-skeleton/test/features/user_can_view_campaigns_index_test.rb": [
        1,
        null,
        1,
        1,
        null,
        1,
        3,
        null,
        null,
        null,
        1,
        1,
        null,
        null,
        null,
        null,
        1,
        null,
        null,
        null,
        null,
        1,
        1,
        1,
        1,
        null,
        null,
        1,
        1,
        1,
        1,
        null,
        null,
        1,
        1,
        null,
        null,
        null,
        null,
        1,
        1,
        1,
        1,
        null,
        null
      ],
      "/Users/jasonpilz/code/traffic-spy-skeleton/test/features/user_can_view_event_details_test.rb": [
        1,
        1,
        null,
        1,
        1,
        null,
        1,
        3,
        3,
        21,
        null,
        null,
        null,
        1,
        1,
        1,
        null,
        null,
        1,
        1,
        1,
        null,
        null,
        1,
        1,
        1,
        null,
        null
      ],
      "/Users/jasonpilz/code/traffic-spy-skeleton/test/features/user_can_view_events_index_test.rb": [
        1,
        1,
        null,
        1,
        1,
        null,
        1,
        2,
        2,
        14,
        null,
        null,
        null,
        1,
        1,
        1,
        1,
        1,
        null,
        null,
        1,
        1,
        1,
        1,
        1,
        null,
        null
      ],
      "/Users/jasonpilz/code/traffic-spy-skeleton/test/features/user_can_view_url_specific_details_test.rb": [
        1,
        1,
        null,
        1,
        1,
        null,
        1,
        3,
        3,
        21,
        null,
        null,
        null,
        1,
        1,
        1,
        1,
        1,
        1,
        1,
        1,
        null,
        null,
        1,
        1,
        1,
        1,
        1,
        1,
        1,
        1,
        1,
        null,
        null,
        1,
        1,
        1,
        null,
        null
      ]
    },
    "timestamp": 1445869792
  },
  "RSpec": {
    "coverage": {
      "/Users/jasonpilz/code/traffic-spy-skeleton/config/environment.rb": [
        null,
        1,
        1,
        null,
        null,
        1,
        1,
        null,
        null,
        2,
        null,
        null,
        11,
        null,
        null,
        1,
        null,
        null,
        1,
        1,
        1,
        1,
        1,
        1,
        null,
        null
      ],
      "/Users/jasonpilz/code/traffic-spy-skeleton/app/controllers/server.rb": [
        1,
        1,
        null,
        1,
        1,
        0,
        null,
        null,
        1,
        0,
        null,
        null,
        1,
        5,
        5,
        5,
        5,
        5,
        null,
        null,
        1,
        36,
        36,
        36,
        36,
        null,
        null,
        1,
        131,
        131,
        131,
        131,
        null,
        null,
        1,
        4,
        4,
        4,
        4,
        4,
        4,
        null,
        null,
        1,
        3,
        3,
        3,
        3,
        3,
        null,
        null,
        1,
        4,
        4,
        4,
        4,
        4,
        4,
        4,
        4,
        4,
        null,
        null,
        null,
        1,
        10,
        10,
        10,
        10,
        null,
        null,
        1,
        3,
        3,
        3,
        3,
        3,
        null,
        null,
        1,
        2,
        null,
        2,
        null,
        2,
        2,
        null,
        null,
        null,
        null
      ],
      "/Users/jasonpilz/code/traffic-spy-skeleton/app/models/campaign.rb": [
        1,
        1,
        null,
        1,
        null,
        1,
        1,
        null
      ],
      "/Users/jasonpilz/code/traffic-spy-skeleton/app/models/campaign_details_parser.rb": [
        1,
        1,
        2,
        null,
        null,
        null,
        null,
        null,
        null,
        1,
        4,
        null,
        null,
        1,
        null,
        4,
        null,
        null,
        1,
        0,
        null,
        null,
        null,
        0,
        null,
        null,
        null,
        1,
        2,
        null,
        null,
        1,
        2,
        null,
        null
      ],
      "/Users/jasonpilz/code/traffic-spy-skeleton/app/models/campaign_parser.rb": [
        1,
        1,
        null,
        null,
        1,
        13,
        null,
        null,
        1,
        34,
        null,
        null,
        1,
        9,
        18,
        null,
        0,
        null,
        null,
        null,
        1,
        3,
        null,
        null,
        1,
        3,
        null,
        null,
        1,
        10,
        null,
        null,
        1,
        10,
        null,
        null,
        1,
        10,
        8,
        null,
        null,
        8,
        7,
        7,
        14,
        null,
        null,
        null,
        1,
        1,
        1,
        null,
        0,
        0,
        null,
        2,
        0,
        0,
        null,
        2,
        2,
        null,
        null,
        null,
        null
      ],
      "/Users/jasonpilz/code/traffic-spy-skeleton/app/models/event.rb": [
        1,
        1,
        null,
        1,
        null
      ],
      "/Users/jasonpilz/code/traffic-spy-skeleton/app/models/event_details_parser.rb": [
        1,
        null,
        1,
        1,
        1,
        4,
        null,
        null,
        1,
        28,
        null,
        null,
        1,
        4,
        0,
        4,
        0,
        null,
        4,
        null,
        null,
        null,
        1,
        4,
        null,
        null,
        1,
        16,
        null,
        null
      ],
      "/Users/jasonpilz/code/traffic-spy-skeleton/app/models/source.rb": [
        1,
        1,
        null,
        1,
        null,
        1,
        null,
        1,
        null,
        null,
        36,
        null,
        null,
        1,
        null,
        null,
        18,
        null,
        null,
        1,
        5,
        null,
        5,
        20,
        20,
        null,
        null,
        1,
        5,
        35,
        40,
        null,
        null,
        1,
        4,
        100,
        32,
        32,
        null,
        null,
        1,
        5,
        35,
        40,
        null,
        null,
        1,
        5,
        35,
        40,
        null,
        null,
        1,
        null,
        3,
        null,
        null,
        1,
        null,
        3,
        null,
        null,
        1,
        null,
        3,
        null,
        null,
        1,
        null,
        null,
        null,
        10,
        3,
        null,
        null,
        1,
        3,
        null,
        null,
        null,
        null,
        null,
        null,
        1,
        3,
        null,
        10,
        10,
        null,
        3,
        null,
        null,
        1,
        3,
        null,
        10,
        10,
        null,
        3,
        null,
        null
      ],
      "/Users/jasonpilz/code/traffic-spy-skeleton/app/models/event_parser.rb": [
        1,
        null,
        1,
        1,
        1,
        3,
        null,
        null,
        1,
        27,
        null,
        null,
        1,
        3,
        0,
        3,
        0,
        null,
        null,
        null,
        1,
        3,
        null,
        null,
        1,
        9,
        null,
        null
      ],
      "/Users/jasonpilz/code/traffic-spy-skeleton/app/models/parser.rb": [
        1,
        null,
        1,
        1,
        1,
        172,
        null,
        null,
        1,
        157,
        null,
        null,
        1,
        5,
        null,
        null,
        1,
        5,
        null,
        null,
        1,
        17,
        null,
        null,
        1,
        132,
        null,
        null,
        1,
        131,
        null,
        null,
        1,
        36,
        null,
        36,
        32,
        32,
        null,
        4,
        1,
        1,
        null,
        3,
        3,
        null,
        null,
        null,
        1,
        131,
        129,
        129,
        null,
        null,
        null,
        null,
        null,
        null,
        null,
        null,
        null,
        null,
        null,
        null,
        129,
        128,
        128,
        null,
        1,
        1,
        1,
        null,
        0,
        0,
        null,
        null,
        2,
        1,
        1,
        null,
        1,
        1,
        null,
        null,
        null
      ],
      "/Users/jasonpilz/code/traffic-spy-skeleton/app/models/payload.rb": [
        1,
        1,
        null,
        null,
        null,
        null,
        null,
        null,
        null,
        null,
        null,
        null,
        null,
        null,
        null,
        1,
        1,
        null
      ],
      "/Users/jasonpilz/code/traffic-spy-skeleton/app/models/url_parser.rb": [
        1,
        null,
        1,
        1,
        1,
        4,
        null,
        null,
        1,
        15,
        null,
        null,
        1,
        4,
        1,
        null,
        3,
        null,
        null,
        null,
        1,
        4,
        null,
        null,
        1,
        4,
        null,
        null,
        1,
        8,
        null,
        null,
        null
      ],
      "/Users/jasonpilz/code/traffic-spy-skeleton/config/database.rb": [
        null,
        1,
        1,
        null,
        null,
        1,
        null,
        null,
        null,
        null,
        null,
        null,
        null,
        null
      ],
      "/Users/jasonpilz/code/traffic-spy-skeleton/test/payload_samples.rb": [
        1,
        1,
        null,
        22,
        null,
        null,
        1,
        null,
        null,
        22,
        null,
        null,
        null,
        null,
        null,
        null,
        null,
        null,
        null,
        null,
        null,
        null,
        null,
        null,
        null,
        null,
        null,
        null,
        null,
        null,
        null
      ],
      "/Users/jasonpilz/code/traffic-spy-skeleton/test/controllers/processing_request_test.rb": [
        1,
        1,
        null,
        1,
        1,
        null,
        1,
        4,
        null,
        null,
        1,
        1,
        1,
        1,
        1,
        null,
        null,
        1,
        1,
        1,
        1,
        1,
        null,
        null,
        1,
        1,
        1,
        1,
        1,
        1,
        null,
        null,
        1,
        1,
        1,
        1,
        1,
        null,
        null,
        null
      ],
      "/Users/jasonpilz/code/traffic-spy-skeleton/test/controllers/register_account_test.rb": [
        1,
        null,
        1,
        1,
        null,
        1,
        1,
        null,
        1,
        1,
        1,
        null,
        null,
        1,
        1,
        1,
        1,
        1,
        null,
        null,
        1,
        1,
        1,
        1,
        1,
        null,
        null,
        1,
        1,
        null,
        1,
        1,
        null,
        1,
        1,
        1,
        null,
        null,
        null,
        null,
        1,
        1,
        1,
        1,
        1,
        null,
        null,
        null
      ],
      "/Users/jasonpilz/code/traffic-spy-skeleton/test/controllers/register_campaign_test.rb": [
        1,
        null,
        1,
        1,
        null,
        1,
        4,
        null,
        null,
        null,
        1,
        1,
        null,
        null,
        null,
        null,
        1,
        1,
        1,
        null,
        null,
        1,
        1,
        null,
        null,
        null,
        1,
        1,
        1,
        1,
        null,
        null,
        1,
        1,
        null,
        null,
        null,
        1,
        1,
        1,
        1,
        null,
        null,
        1,
        1,
        null,
        null,
        null,
        null,
        1,
        1,
        1,
        null,
        null,
        null,
        null,
        1,
        1,
        1,
        1,
        null,
        null
      ],
      "/Users/jasonpilz/code/traffic-spy-skeleton/test/features/user_can_view_application_details_test.rb": [
        1,
        null,
        1,
        1,
        null,
        1,
        5,
        5,
        35,
        null,
        null,
        null,
        1,
        1,
        1,
        1,
        null,
        1,
        1,
        null,
        1,
        1,
        null,
        1,
        1,
        null,
        1,
        1,
        null,
        1,
        1,
        null,
        1,
        1,
        null,
        null,
        1,
        1,
        1,
        1,
        1,
        1,
        1,
        1,
        1,
        null,
        null,
        1,
        1,
        1,
        null,
        null,
        1,
        1,
        1,
        1,
        null,
        null,
        1,
        1,
        1,
        1,
        null,
        null
      ],
      "/Users/jasonpilz/code/traffic-spy-skeleton/test/features/user_can_view_campaign_details_test.rb": [
        1,
        null,
        1,
        1,
        null,
        1,
        1,
        null,
        null,
        null,
        1,
        1,
        null,
        null,
        null,
        null,
        1,
        null,
        null,
        null,
        null,
        1,
        1,
        1,
        null,
        null,
        null
      ],
      "/Users/jasonpilz/code/traffic-spy-skeleton/test/features/user_can_view_campaigns_index_test.rb": [
        1,
        null,
        1,
        1,
        null,
        1,
        3,
        null,
        null,
        null,
        1,
        1,
        null,
        null,
        null,
        null,
        1,
        null,
        null,
        null,
        null,
        1,
        1,
        1,
        1,
        null,
        null,
        1,
        1,
        1,
        1,
        null,
        null,
        1,
        1,
        null,
        null,
        null,
        null,
        1,
        1,
        1,
        1,
        null,
        null
      ],
      "/Users/jasonpilz/code/traffic-spy-skeleton/test/features/user_can_view_event_details_test.rb": [
        1,
        1,
        null,
        1,
        1,
        null,
        1,
        3,
        3,
        21,
        null,
        null,
        null,
        1,
        1,
        1,
        null,
        null,
        1,
        1,
        1,
        null,
        null,
        1,
        1,
        1,
        null,
        null
      ],
      "/Users/jasonpilz/code/traffic-spy-skeleton/test/features/user_can_view_events_index_test.rb": [
        1,
        1,
        null,
        1,
        1,
        null,
        1,
        2,
        2,
        14,
        null,
        null,
        null,
        1,
        1,
        1,
        1,
        1,
        null,
        null,
        1,
        1,
        1,
        1,
        1,
        null,
        null
      ],
      "/Users/jasonpilz/code/traffic-spy-skeleton/test/features/user_can_view_url_specific_details_test.rb": [
        1,
        1,
        null,
        1,
        1,
        null,
        1,
        3,
        3,
        21,
        null,
        null,
        null,
        1,
        1,
        1,
        1,
        1,
        1,
        1,
        1,
        null,
        null,
        1,
        1,
        1,
        1,
        1,
        1,
        1,
        1,
        1,
        null,
        null,
        1,
        1,
        1,
        null,
        null
      ],
      "/Users/jasonpilz/code/traffic-spy-skeleton/test/test_helper.rb": [
        1,
        1,
        1,
        1,
        null,
        1,
        null,
        1,
        1,
        null,
        1,
        1,
        1,
        null,
        1,
        null,
        1,
        1,
        null,
        null,
        1,
        null,
        1,
        1,
        5,
        null,
        null,
        1,
        35,
        null,
        null,
        null,
        1,
        35,
        null
      ]
    },
    "timestamp": 1445833216
  }
}
